2020-12-17 07:18:36,170 WARN com.zaxxer.hikari.pool.HikariPool$HouseKeeper [pool housekeeper] pool - Thread starvation or clock leap detected (housekeeper delta=8h40m19s798ms227µs600ns).
2020-12-17 19:51:13,078 INFO org.springframework.boot.StartupInfoLogger [restartedMain] Starting Application on DIEGO-CARDONA with PID 11028 (C:\Users\diego.cardona\Documents\ADN\java-arquitectura-hexagonal\microservicio\build\classes\java\main started by diego.cardona in C:\Users\diego.cardona\Documents\ADN\java-arquitectura-hexagonal\microservicio)
2020-12-17 19:51:13,082 INFO org.springframework.boot.SpringApplication [restartedMain] No active profile set, falling back to default profiles: default
2020-12-17 19:51:13,155 INFO org.springframework.boot.logging.DeferredLog [restartedMain] Devtools property defaults active! Set 'spring.devtools.add-properties' to 'false' to disable
2020-12-17 19:51:13,156 INFO org.springframework.boot.logging.DeferredLog [restartedMain] For additional web related logging consider setting the 'logging.level.web' property to 'DEBUG'
2020-12-17 19:51:15,413 INFO com.ulisesbocchio.jasyptspringboot.configuration.EnableEncryptablePropertiesBeanFactoryPostProcessor [restartedMain] Post-processing PropertySource instances
2020-12-17 19:51:15,503 INFO com.ulisesbocchio.jasyptspringboot.EncryptablePropertySourceConverter [restartedMain] Converting PropertySource configurationProperties [org.springframework.boot.context.properties.source.ConfigurationPropertySourcesPropertySource] to AOP Proxy
2020-12-17 19:51:15,505 INFO com.ulisesbocchio.jasyptspringboot.EncryptablePropertySourceConverter [restartedMain] Converting PropertySource servletConfigInitParams [org.springframework.core.env.PropertySource$StubPropertySource] to EncryptablePropertySourceWrapper
2020-12-17 19:51:15,505 INFO com.ulisesbocchio.jasyptspringboot.EncryptablePropertySourceConverter [restartedMain] Converting PropertySource servletContextInitParams [org.springframework.core.env.PropertySource$StubPropertySource] to EncryptablePropertySourceWrapper
2020-12-17 19:51:15,506 INFO com.ulisesbocchio.jasyptspringboot.EncryptablePropertySourceConverter [restartedMain] Converting PropertySource systemProperties [org.springframework.core.env.PropertiesPropertySource] to EncryptableMapPropertySourceWrapper
2020-12-17 19:51:15,506 INFO com.ulisesbocchio.jasyptspringboot.EncryptablePropertySourceConverter [restartedMain] Converting PropertySource systemEnvironment [org.springframework.boot.env.SystemEnvironmentPropertySourceEnvironmentPostProcessor$OriginAwareSystemEnvironmentPropertySource] to EncryptableMapPropertySourceWrapper
2020-12-17 19:51:15,506 INFO com.ulisesbocchio.jasyptspringboot.EncryptablePropertySourceConverter [restartedMain] Converting PropertySource random [org.springframework.boot.env.RandomValuePropertySource] to EncryptablePropertySourceWrapper
2020-12-17 19:51:15,506 INFO com.ulisesbocchio.jasyptspringboot.EncryptablePropertySourceConverter [restartedMain] Converting PropertySource applicationConfig: [classpath:/application.yaml] [org.springframework.boot.env.OriginTrackedMapPropertySource] to EncryptableMapPropertySourceWrapper
2020-12-17 19:51:15,507 INFO com.ulisesbocchio.jasyptspringboot.EncryptablePropertySourceConverter [restartedMain] Converting PropertySource devtools [org.springframework.core.env.MapPropertySource] to EncryptableMapPropertySourceWrapper
2020-12-17 19:51:15,544 INFO com.ulisesbocchio.jasyptspringboot.filter.DefaultLazyPropertyFilter [restartedMain] Property Filter custom Bean not found with name 'encryptablePropertyFilter'. Initializing Default Property Filter
2020-12-17 19:51:15,611 INFO org.springframework.context.support.PostProcessorRegistrationDelegate$BeanPostProcessorChecker [restartedMain] Bean 'org.springframework.transaction.annotation.ProxyTransactionManagementConfiguration' of type [org.springframework.transaction.annotation.ProxyTransactionManagementConfiguration] is not eligible for getting processed by all BeanPostProcessors (for example: not eligible for auto-proxying)
2020-12-17 19:51:15,708 INFO com.ulisesbocchio.jasyptspringboot.resolver.DefaultLazyPropertyResolver [restartedMain] Property Resolver custom Bean not found with name 'encryptablePropertyResolver'. Initializing Default Property Resolver
2020-12-17 19:51:15,712 INFO com.ulisesbocchio.jasyptspringboot.detector.DefaultLazyPropertyDetector [restartedMain] Property Detector custom Bean not found with name 'encryptablePropertyDetector'. Initializing Default Property Detector
2020-12-17 19:51:16,353 WARN io.undertow.websockets.jsr.Bootstrap [restartedMain] UT026010: Buffer pool was not set on WebSocketDeploymentInfo, the default pool will be used
2020-12-17 19:51:16,392 INFO io.undertow.servlet.spec.ServletContextImpl [restartedMain] Initializing Spring embedded WebApplicationContext
2020-12-17 19:51:16,392 INFO org.springframework.boot.web.servlet.context.ServletWebServerApplicationContext [restartedMain] Root WebApplicationContext: initialization completed in 3236 ms
2020-12-17 19:51:16,659 INFO com.zaxxer.hikari.HikariDataSource [restartedMain] pool - Starting...
2020-12-17 19:51:17,295 INFO com.zaxxer.hikari.HikariDataSource [restartedMain] pool - Start completed.
2020-12-17 19:51:17,683 INFO org.flywaydb.core.internal.logging.slf4j.Slf4jLog [restartedMain] Flyway Community Edition 5.2.1 by Boxfuse
2020-12-17 19:51:17,703 INFO org.flywaydb.core.internal.logging.slf4j.Slf4jLog [restartedMain] Database: jdbc:mysql://localhost:3306/spa (MySQL 8.0)
2020-12-17 19:51:17,812 INFO org.flywaydb.core.internal.logging.slf4j.Slf4jLog [restartedMain] Successfully validated 1 migration (execution time 00:00.022s)
2020-12-17 19:51:17,828 INFO org.flywaydb.core.internal.logging.slf4j.Slf4jLog [restartedMain] Current version of schema `spa`: 1.0
2020-12-17 19:51:17,829 INFO org.flywaydb.core.internal.logging.slf4j.Slf4jLog [restartedMain] Schema `spa` is up to date. No migration necessary.
2020-12-17 19:51:22,962 INFO org.springframework.boot.actuate.endpoint.web.EndpointLinksResolver [restartedMain] Exposing 2 endpoint(s) beneath base path '/actuator'
2020-12-17 19:51:23,092 INFO springfox.documentation.spring.web.PropertySourcedRequestMappingHandlerMapping [restartedMain] Mapped URL path [/v2/api-docs] onto method [springfox.documentation.swagger2.web.Swagger2Controller#getDocumentation(String, HttpServletRequest)]
2020-12-17 19:51:23,184 INFO org.springframework.scheduling.concurrent.ExecutorConfigurationSupport [restartedMain] Initializing ExecutorService 'applicationTaskExecutor'
2020-12-17 19:51:23,220 INFO org.springframework.boot.devtools.autoconfigure.OptionalLiveReloadServer [restartedMain] LiveReload server is running on port 35729
2020-12-17 19:51:23,516 INFO springfox.documentation.spring.web.plugins.DocumentationPluginsBootstrapper [restartedMain] Context refreshed
2020-12-17 19:51:23,549 INFO springfox.documentation.spring.web.plugins.DocumentationPluginsBootstrapper [restartedMain] Found 1 custom documentation plugin(s)
2020-12-17 19:51:23,599 INFO springfox.documentation.spring.web.scanners.ApiListingReferenceScanner [restartedMain] Scanning for api listing references
2020-12-17 19:51:23,761 INFO springfox.documentation.spring.web.readers.operation.CachingOperationNameGenerator [restartedMain] Generating unique operation named: actualizarUsingPUT_1
2020-12-17 19:51:23,766 INFO springfox.documentation.spring.web.readers.operation.CachingOperationNameGenerator [restartedMain] Generating unique operation named: crearUsingPOST_1
2020-12-17 19:51:23,769 INFO springfox.documentation.spring.web.readers.operation.CachingOperationNameGenerator [restartedMain] Generating unique operation named: eliminarUsingDELETE_1
2020-12-17 19:51:23,780 INFO springfox.documentation.spring.web.readers.operation.CachingOperationNameGenerator [restartedMain] Generating unique operation named: listarUsingGET_1
2020-12-17 19:51:23,831 INFO io.undertow.Undertow [restartedMain] starting server: Undertow - 2.0.29.Final
2020-12-17 19:51:23,842 INFO org.xnio.Xnio [restartedMain] XNIO version 3.3.8.Final
2020-12-17 19:51:23,856 INFO org.xnio.nio.NioXnio [restartedMain] XNIO NIO Implementation Version 3.3.8.Final
2020-12-17 19:51:24,346 INFO org.springframework.boot.web.embedded.undertow.UndertowServletWebServer [restartedMain] Undertow started on port(s) 8080 (http) with context path ''
2020-12-17 19:51:24,346 INFO org.springframework.boot.StartupInfoLogger [restartedMain] Started Application in 12.057 seconds (JVM running for 12.833)
2020-12-17 19:51:39,361 INFO io.undertow.servlet.spec.ServletContextImpl [XNIO-1 task-1] Initializing Spring DispatcherServlet 'dispatcherServlet'
2020-12-17 19:51:39,363 INFO org.springframework.web.servlet.FrameworkServlet [XNIO-1 task-1] Initializing Servlet 'dispatcherServlet'
2020-12-17 19:51:39,373 INFO org.springframework.web.servlet.FrameworkServlet [XNIO-1 task-1] Completed initialization in 10 ms
